<?xml version="1.0" encoding="UTF-8"?>
<!-- Generated by org.testng.reporters.JUnitReportReporter -->
<testsuite hostname="AnilVarma" failures="0" tests="1" name="com.orange_hrm.testcases.TC005_DeleteEmployee" time="6.288" errors="0" timestamp="2022-07-23T12:12:50 IST" skipped="0">
  <testcase classname="com.orange_hrm.testcases.TC005_DeleteEmployee" name="editEmployee" time="6.288"/>
  <system-out/>
</testsuite> <!-- com.orange_hrm.testcases.TC005_DeleteEmployee -->
