<?xml version="1.0" encoding="UTF-8"?>
<!-- Generated by org.testng.reporters.JUnitReportReporter -->
<testsuite hostname="VARMA-PC" failures="0" tests="1" name="com.orange_hrm.testcases.TC_004_B_AddEmployee" time="15.280" errors="0" timestamp="2022-10-15T07:20:20 PDT" skipped="0">
  <testcase classname="com.orange_hrm.testcases.TC_004_B_AddEmployee" name="createNewEmployee" time="15.280"/>
  <system-out>
    <![CDATA[OrangeHRM
SUcessfully Added]]>
  </system-out>
</testsuite> <!-- com.orange_hrm.testcases.TC_004_B_AddEmployee -->
