<?xml version="1.0" encoding="UTF-8"?>
<!-- Generated by org.testng.reporters.JUnitReportReporter -->
<testsuite hostname="VARMA-PC" failures="0" tests="7" name="com.orange_hrm.testcases.TC_011_H_DDT_AddEmployees" time="69.851" errors="0" timestamp="2022-10-15T07:20:20 PDT" skipped="0">
  <testcase classname="com.orange_hrm.testcases.TC_011_H_DDT_AddEmployees" name="login" time="3.231"/>
  <system-out/>
  <testcase classname="com.orange_hrm.testcases.TC_011_H_DDT_AddEmployees" name="add_multipleEMployee" time="9.481"/>
  <system-out>
    <![CDATA[SUcessfully Added]]>
  </system-out>
  <testcase classname="com.orange_hrm.testcases.TC_011_H_DDT_AddEmployees" name="add_multipleEMployee" time="8.744"/>
  <system-out>
    <![CDATA[SUcessfully Added]]>
  </system-out>
  <testcase classname="com.orange_hrm.testcases.TC_011_H_DDT_AddEmployees" name="add_multipleEMployee" time="10.222"/>
  <system-out>
    <![CDATA[SUcessfully Added]]>
  </system-out>
  <testcase classname="com.orange_hrm.testcases.TC_011_H_DDT_AddEmployees" name="add_multipleEMployee" time="11.544"/>
  <system-out>
    <![CDATA[SUcessfully Added]]>
  </system-out>
  <testcase classname="com.orange_hrm.testcases.TC_011_H_DDT_AddEmployees" name="add_multipleEMployee" time="9.242"/>
  <system-out>
    <![CDATA[SUcessfully Added]]>
  </system-out>
  <testcase classname="com.orange_hrm.testcases.TC_011_H_DDT_AddEmployees" name="add_multipleEMployee" time="17.387"/>
  <system-out>
    <![CDATA[SUcessfully Added]]>
  </system-out>
</testsuite> <!-- com.orange_hrm.testcases.TC_011_H_DDT_AddEmployees -->
