<?xml version="1.0" encoding="UTF-8"?>
<!-- Generated by org.testng.reporters.JUnitReportReporter -->
<testsuite hostname="AnilVarma" failures="0" tests="2" name="com.sdet.AppTest" time="0.072" errors="0" timestamp="2022-08-23T19:13:43 IST" skipped="0">
  <testcase classname="com.sdet.AppTest" name="testlogin1" time="0.063"/>
  <system-out/>
  <testcase classname="com.sdet.AppTest" name="testlogin2" time="0.009"/>
  <system-out/>
</testsuite> <!-- com.sdet.AppTest -->
