<?xml version="1.0" encoding="UTF-8"?>
<!-- Generated by org.testng.reporters.JUnitReportReporter -->
<testsuite hostname="VARMA-PC" failures="0" tests="1" name="com.orange_hrm.testcases.TC_005_I_DeleteEmployee" time="17.507" errors="0" timestamp="2022-10-15T07:20:20 PDT" skipped="0">
  <testcase classname="com.orange_hrm.testcases.TC_005_I_DeleteEmployee" name="deleteEmployee" time="17.507"/>
  <system-out/>
</testsuite> <!-- com.orange_hrm.testcases.TC_005_I_DeleteEmployee -->
