<?xml version="1.0" encoding="UTF-8"?>
<!-- Generated by org.testng.reporters.JUnitReportReporter -->
<testsuite hostname="VARMA-PC" failures="0" tests="1" name="com.orange_hrm.testcases.TC_001_A_Login" time="2.704" errors="0" timestamp="2022-10-31T23:26:47 IST" skipped="0">
  <testcase classname="com.orange_hrm.testcases.TC_001_A_Login" name="loginTest" time="2.704"/>
  <system-out>
    <![CDATA[OrangeHRM]]>
  </system-out>
</testsuite> <!-- com.orange_hrm.testcases.TC_001_A_Login -->
